# JRE version: OpenJDK Runtime Environment GraalVM CE 22.3.0 (17.0.5+8) (build 17.0.5+8-jvmci-22.3-b08)
# Java VM: OpenJDK 64-Bit Server VM GraalVM CE 22.3.0 (17.0.5+8-jvmci-22.3-b08, mixed mode, sharing, tiered, jvmci, jvmci compiler, compressed oops, compressed class ptrs, parallel gc, linux-amd64)
GC Precious Log:
 CPUs: 8 total, 1 available
 Memory: 1024M
 Large Page Support: Disabled
 NUMA Support: Disabled
 Compressed Oops: Enabled (32-bit)
 Alignments: Space 512K, Generation 512K, Heap 2M
 Heap Min Capacity: 100M
 Heap Initial Capacity: 100M
 Heap Max Capacity: 512M
 Pre-touch: Disabled
 Parallel Workers: 1
Heap:
 PSYoungGen      total 40960K, used 29184K [0x00000000f5580000, 0x00000000f8a80000, 0x0000000100000000)
  eden space 29184K, 100% used [0x00000000f5580000,0x00000000f7200000,0x00000000f7200000)
  from space 11776K, 0% used [0x00000000f7200000,0x00000000f7200000,0x00000000f7d80000)
  to   space 9728K, 0% used [0x00000000f8100000,0x00000000f8100000,0x00000000f8a80000)
 ParOldGen       total 349696K, used 349695K [0x00000000e0000000, 0x00000000f5580000, 0x00000000f5580000)
  object space 349696K, 99% used [0x00000000e0000000,0x00000000f557fff0,0x00000000f5580000)
 Metaspace       used 59327K, committed 60416K, reserved 1105920K
  class space    used 5954K, committed 6336K, reserved 1048576K
GC Heap History (20 events):
Event: 533.229 GC heap before
{Heap before GC invocations=506 (full 381):
 PSYoungGen      total 40960K, used 29183K [0x00000000f5580000, 0x00000000f8a80000, 0x0000000100000000)
  eden space 29184K, 99% used [0x00000000f5580000,0x00000000f71ffff0,0x00000000f7200000)
  from space 11776K, 0% used [0x00000000f7200000,0x00000000f7200000,0x00000000f7d80000)
  to   space 9728K, 0% used [0x00000000f8100000,0x00000000f8100000,0x00000000f8a80000)
 ParOldGen       total 349696K, used 349695K [0x00000000e0000000, 0x00000000f5580000, 0x00000000f5580000)
  object space 349696K, 99% used [0x00000000e0000000,0x00000000f557ffd8,0x00000000f5580000)
 Metaspace       used 59327K, committed 60416K, reserved 1105920K
  class space    used 5954K, committed 6336K, reserved 1048576K
}
Event: 534.497 GC heap after
{Heap after GC invocations=506 (full 381):
 PSYoungGen      total 38912K, used 29183K [0x00000000f5580000, 0x00000000f8a80000, 0x0000000100000000)
  eden space 29184K, 99% used [0x00000000f5580000,0x00000000f71ffff0,0x00000000f7200000)
  from space 9728K, 0% used [0x00000000f8100000,0x00000000f8100000,0x00000000f8a80000)
  to   space 11776K, 0% used [0x00000000f7200000,0x00000000f7200000,0x00000000f7d80000)
 ParOldGen       total 349696K, used 349695K [0x00000000e0000000, 0x00000000f5580000, 0x00000000f5580000)
  object space 349696K, 99% used [0x00000000e0000000,0x00000000f557ffd8,0x00000000f5580000)
 Metaspace       used 59327K, committed 60416K, reserved 1105920K
  class space    used 5954K, committed 6336K, reserved 1048576K
}
Event: 534.498 GC heap before
{Heap before GC invocations=507 (full 382):
 PSYoungGen      total 38912K, used 29183K [0x00000000f5580000, 0x00000000f8a80000, 0x0000000100000000)
  eden space 29184K, 99% used [0x00000000f5580000,0x00000000f71ffff0,0x00000000f7200000)
  from space 9728K, 0% used [0x00000000f8100000,0x00000000f8100000,0x00000000f8a80000)
  to   space 11776K, 0% used [0x00000000f7200000,0x00000000f7200000,0x00000000f7d80000)
 ParOldGen       total 349696K, used 349695K [0x00000000e0000000, 0x00000000f5580000, 0x00000000f5580000)
  object space 349696K, 99% used [0x00000000e0000000,0x00000000f557ffd8,0x00000000f5580000)
 Metaspace       used 59327K, committed 60416K, reserved 1105920K
  class space    used 5954K, committed 6336K, reserved 1048576K
}
Event: 535.680 GC heap after
{Heap after GC invocations=507 (full 382):
 PSYoungGen      total 40960K, used 29183K [0x00000000f5580000, 0x00000000f8a80000, 0x0000000100000000)
  eden space 29184K, 99% used [0x00000000f5580000,0x00000000f71ffff0,0x00000000f7200000)
  from space 11776K, 0% used [0x00000000f7200000,0x00000000f7200000,0x00000000f7d80000)
  to   space 9728K, 0% used [0x00000000f8100000,0x00000000f8100000,0x00000000f8a80000)
 ParOldGen       total 349696K, used 349695K [0x00000000e0000000, 0x00000000f5580000, 0x00000000f5580000)
  object space 349696K, 99% used [0x00000000e0000000,0x00000000f557ffd8,0x00000000f5580000)
 Metaspace       used 59327K, committed 60416K, reserved 1105920K
  class space    used 5954K, committed 6336K, reserved 1048576K
}
Event: 535.680 GC heap before
{Heap before GC invocations=508 (full 383):
 PSYoungGen      total 40960K, used 29183K [0x00000000f5580000, 0x00000000f8a80000, 0x0000000100000000)
  eden space 29184K, 99% used [0x00000000f5580000,0x00000000f71ffff0,0x00000000f7200000)
  from space 11776K, 0% used [0x00000000f7200000,0x00000000f7200000,0x00000000f7d80000)
  to   space 9728K, 0% used [0x00000000f8100000,0x00000000f8100000,0x00000000f8a80000)
 ParOldGen       total 349696K, used 349695K [0x00000000e0000000, 0x00000000f5580000, 0x00000000f5580000)
  object space 349696K, 99% used [0x00000000e0000000,0x00000000f557ffd8,0x00000000f5580000)
 Metaspace       used 59327K, committed 60416K, reserved 1105920K
  class space    used 5954K, committed 6336K, reserved 1048576K
}
Event: 536.905 GC heap after
{Heap after GC invocations=508 (full 383):
 PSYoungGen      total 38912K, used 29183K [0x00000000f5580000, 0x00000000f8a80000, 0x0000000100000000)
  eden space 29184K, 99% used [0x00000000f5580000,0x00000000f71ffff0,0x00000000f7200000)
  from space 9728K, 0% used [0x00000000f8100000,0x00000000f8100000,0x00000000f8a80000)
  to   space 11776K, 0% used [0x00000000f7200000,0x00000000f7200000,0x00000000f7d80000)
 ParOldGen       total 349696K, used 349695K [0x00000000e0000000, 0x00000000f5580000, 0x00000000f5580000)
  object space 349696K, 99% used [0x00000000e0000000,0x00000000f557ffd8,0x00000000f5580000)
 Metaspace       used 59327K, committed 60416K, reserved 1105920K
  class space    used 5954K, committed 6336K, reserved 1048576K
}
Event: 536.905 GC heap before
{Heap before GC invocations=509 (full 384):
 PSYoungGen      total 38912K, used 29184K [0x00000000f5580000, 0x00000000f8a80000, 0x0000000100000000)
  eden space 29184K, 100% used [0x00000000f5580000,0x00000000f7200000,0x00000000f7200000)
  from space 9728K, 0% used [0x00000000f8100000,0x00000000f8100000,0x00000000f8a80000)
  to   space 11776K, 0% used [0x00000000f7200000,0x00000000f7200000,0x00000000f7d80000)
 ParOldGen       total 349696K, used 349695K [0x00000000e0000000, 0x00000000f5580000, 0x00000000f5580000)
  object space 349696K, 99% used [0x00000000e0000000,0x00000000f557fff8,0x00000000f5580000)
 Metaspace       used 59327K, committed 60416K, reserved 1105920K
  class space    used 5954K, committed 6336K, reserved 1048576K
}
Event: 538.177 GC heap after
{Heap after GC invocations=509 (full 384):
 PSYoungGen      total 40960K, used 29183K [0x00000000f5580000, 0x00000000f8a80000, 0x0000000100000000)
  eden space 29184K, 99% used [0x00000000f5580000,0x00000000f71ffff0,0x00000000f7200000)
  from space 11776K, 0% used [0x00000000f7200000,0x00000000f7200000,0x00000000f7d80000)
  to   space 9728K, 0% used [0x00000000f8100000,0x00000000f8100000,0x00000000f8a80000)
 ParOldGen       total 349696K, used 349695K [0x00000000e0000000, 0x00000000f5580000, 0x00000000f5580000)
  object space 349696K, 99% used [0x00000000e0000000,0x00000000f557ffd8,0x00000000f5580000)
 Metaspace       used 59327K, committed 60416K, reserved 1105920K
  class space    used 5954K, committed 6336K, reserved 1048576K
}
Event: 538.177 GC heap before
{Heap before GC invocations=510 (full 385):
 PSYoungGen      total 40960K, used 29184K [0x00000000f5580000, 0x00000000f8a80000, 0x0000000100000000)
  eden space 29184K, 100% used [0x00000000f5580000,0x00000000f7200000,0x00000000f7200000)
  from space 11776K, 0% used [0x00000000f7200000,0x00000000f7200000,0x00000000f7d80000)
  to   space 9728K, 0% used [0x00000000f8100000,0x00000000f8100000,0x00000000f8a80000)
 ParOldGen       total 349696K, used 349695K [0x00000000e0000000, 0x00000000f5580000, 0x00000000f5580000)
  object space 349696K, 99% used [0x00000000e0000000,0x00000000f557ffd8,0x00000000f5580000)
 Metaspace       used 59327K, committed 60416K, reserved 1105920K
  class space    used 5954K, committed 6336K, reserved 1048576K
}
Event: 539.356 GC heap after
{Heap after GC invocations=510 (full 385):
 PSYoungGen      total 38912K, used 29183K [0x00000000f5580000, 0x00000000f8a80000, 0x0000000100000000)
  eden space 29184K, 99% used [0x00000000f5580000,0x00000000f71ffff0,0x00000000f7200000)
  from space 9728K, 0% used [0x00000000f8100000,0x00000000f8100000,0x00000000f8a80000)
  to   space 11776K, 0% used [0x00000000f7200000,0x00000000f7200000,0x00000000f7d80000)
 ParOldGen       total 349696K, used 349695K [0x00000000e0000000, 0x00000000f5580000, 0x00000000f5580000)
  object space 349696K, 99% used [0x00000000e0000000,0x00000000f557ffd8,0x00000000f5580000)
 Metaspace       used 59327K, committed 60416K, reserved 1105920K
  class space    used 5954K, committed 6336K, reserved 1048576K
}
Event: 539.364 GC heap before
{Heap before GC invocations=511 (full 386):
 PSYoungGen      total 38912K, used 29184K [0x00000000f5580000, 0x00000000f8a80000, 0x0000000100000000)
  eden space 29184K, 100% used [0x00000000f5580000,0x00000000f7200000,0x00000000f7200000)
  from space 9728K, 0% used [0x00000000f8100000,0x00000000f8100000,0x00000000f8a80000)
  to   space 11776K, 0% used [0x00000000f7200000,0x00000000f7200000,0x00000000f7d80000)
 ParOldGen       total 349696K, used 349695K [0x00000000e0000000, 0x00000000f5580000, 0x00000000f5580000)
  object space 349696K, 99% used [0x00000000e0000000,0x00000000f557ffd8,0x00000000f5580000)
 Metaspace       used 59327K, committed 60416K, reserved 1105920K
  class space    used 5954K, committed 6336K, reserved 1048576K
}
Event: 540.991 GC heap after
{Heap after GC invocations=511 (full 386):
 PSYoungGen      total 40960K, used 29183K [0x00000000f5580000, 0x00000000f8a80000, 0x0000000100000000)
  eden space 29184K, 99% used [0x00000000f5580000,0x00000000f71ffff0,0x00000000f7200000)
  from space 11776K, 0% used [0x00000000f7200000,0x00000000f7200000,0x00000000f7d80000)
  to   space 9728K, 0% used [0x00000000f8100000,0x00000000f8100000,0x00000000f8a80000)
 ParOldGen       total 349696K, used 349695K [0x00000000e0000000, 0x00000000f5580000, 0x00000000f5580000)
  object space 349696K, 99% used [0x00000000e0000000,0x00000000f557ffd8,0x00000000f5580000)
 Metaspace       used 59327K, committed 60416K, reserved 1105920K
  class space    used 5954K, committed 6336K, reserved 1048576K
}
Event: 540.995 GC heap before
{Heap before GC invocations=512 (full 387):
 PSYoungGen      total 40960K, used 29184K [0x00000000f5580000, 0x00000000f8a80000, 0x0000000100000000)
  eden space 29184K, 100% used [0x00000000f5580000,0x00000000f7200000,0x00000000f7200000)
  from space 11776K, 0% used [0x00000000f7200000,0x00000000f7200000,0x00000000f7d80000)
  to   space 9728K, 0% used [0x00000000f8100000,0x00000000f8100000,0x00000000f8a80000)
 ParOldGen       total 349696K, used 349695K [0x00000000e0000000, 0x00000000f5580000, 0x00000000f5580000)
  object space 349696K, 99% used [0x00000000e0000000,0x00000000f557ffd8,0x00000000f5580000)
 Metaspace       used 59327K, committed 60416K, reserved 1105920K
  class space    used 5954K, committed 6336K, reserved 1048576K
}
Event: 542.122 GC heap after
{Heap after GC invocations=512 (full 387):
 PSYoungGen      total 38912K, used 29183K [0x00000000f5580000, 0x00000000f8a80000, 0x0000000100000000)
  eden space 29184K, 99% used [0x00000000f5580000,0x00000000f71ffff0,0x00000000f7200000)
  from space 9728K, 0% used [0x00000000f8100000,0x00000000f8100000,0x00000000f8a80000)
  to   space 11776K, 0% used [0x00000000f7200000,0x00000000f7200000,0x00000000f7d80000)
 ParOldGen       total 349696K, used 349695K [0x00000000e0000000, 0x00000000f5580000, 0x00000000f5580000)
  object space 349696K, 99% used [0x00000000e0000000,0x00000000f557ffd8,0x00000000f5580000)
 Metaspace       used 59327K, committed 60416K, reserved 1105920K
  class space    used 5954K, committed 6336K, reserved 1048576K
}
Event: 542.125 GC heap before
{Heap before GC invocations=513 (full 388):
 PSYoungGen      total 38912K, used 29184K [0x00000000f5580000, 0x00000000f8a80000, 0x0000000100000000)
  eden space 29184K, 100% used [0x00000000f5580000,0x00000000f7200000,0x00000000f7200000)
  from space 9728K, 0% used [0x00000000f8100000,0x00000000f8100000,0x00000000f8a80000)
  to   space 11776K, 0% used [0x00000000f7200000,0x00000000f7200000,0x00000000f7d80000)
 ParOldGen       total 349696K, used 349695K [0x00000000e0000000, 0x00000000f5580000, 0x00000000f5580000)
  object space 349696K, 99% used [0x00000000e0000000,0x00000000f557ffd8,0x00000000f5580000)
 Metaspace       used 59327K, committed 60416K, reserved 1105920K
  class space    used 5954K, committed 6336K, reserved 1048576K
}
Event: 543.312 GC heap after
{Heap after GC invocations=513 (full 388):
 PSYoungGen      total 40960K, used 29183K [0x00000000f5580000, 0x00000000f8a80000, 0x0000000100000000)
  eden space 29184K, 99% used [0x00000000f5580000,0x00000000f71ffff0,0x00000000f7200000)
  from space 11776K, 0% used [0x00000000f7200000,0x00000000f7200000,0x00000000f7d80000)
  to   space 9728K, 0% used [0x00000000f8100000,0x00000000f8100000,0x00000000f8a80000)
 ParOldGen       total 349696K, used 349695K [0x00000000e0000000, 0x00000000f5580000, 0x00000000f5580000)
  object space 349696K, 99% used [0x00000000e0000000,0x00000000f557ffd8,0x00000000f5580000)
 Metaspace       used 59327K, committed 60416K, reserved 1105920K
  class space    used 5954K, committed 6336K, reserved 1048576K
}
Event: 543.312 GC heap before
{Heap before GC invocations=514 (full 389):
 PSYoungGen      total 40960K, used 29183K [0x00000000f5580000, 0x00000000f8a80000, 0x0000000100000000)
  eden space 29184K, 99% used [0x00000000f5580000,0x00000000f71ffff0,0x00000000f7200000)
  from space 11776K, 0% used [0x00000000f7200000,0x00000000f7200000,0x00000000f7d80000)
  to   space 9728K, 0% used [0x00000000f8100000,0x00000000f8100000,0x00000000f8a80000)
 ParOldGen       total 349696K, used 349695K [0x00000000e0000000, 0x00000000f5580000, 0x00000000f5580000)
  object space 349696K, 99% used [0x00000000e0000000,0x00000000f557fff0,0x00000000f5580000)
 Metaspace       used 59327K, committed 60416K, reserved 1105920K
  class space    used 5954K, committed 6336K, reserved 1048576K
}
Event: 544.497 GC heap after
{Heap after GC invocations=514 (full 389):
 PSYoungGen      total 38912K, used 29183K [0x00000000f5580000, 0x00000000f8a80000, 0x0000000100000000)
  eden space 29184K, 99% used [0x00000000f5580000,0x00000000f71ffff0,0x00000000f7200000)
  from space 9728K, 0% used [0x00000000f8100000,0x00000000f8100000,0x00000000f8a80000)
  to   space 11776K, 0% used [0x00000000f7200000,0x00000000f7200000,0x00000000f7d80000)
 ParOldGen       total 349696K, used 349695K [0x00000000e0000000, 0x00000000f5580000, 0x00000000f5580000)
  object space 349696K, 99% used [0x00000000e0000000,0x00000000f557fff0,0x00000000f5580000)
 Metaspace       used 59327K, committed 60416K, reserved 1105920K
  class space    used 5954K, committed 6336K, reserved 1048576K
}
Event: 544.497 GC heap before
{Heap before GC invocations=515 (full 390):
 PSYoungGen      total 38912K, used 29183K [0x00000000f5580000, 0x00000000f8a80000, 0x0000000100000000)
  eden space 29184K, 99% used [0x00000000f5580000,0x00000000f71ffff0,0x00000000f7200000)
  from space 9728K, 0% used [0x00000000f8100000,0x00000000f8100000,0x00000000f8a80000)
  to   space 11776K, 0% used [0x00000000f7200000,0x00000000f7200000,0x00000000f7d80000)
 ParOldGen       total 349696K, used 349695K [0x00000000e0000000, 0x00000000f5580000, 0x00000000f5580000)
  object space 349696K, 99% used [0x00000000e0000000,0x00000000f557fff0,0x00000000f5580000)
 Metaspace       used 59327K, committed 60416K, reserved 1105920K
  class space    used 5954K, committed 6336K, reserved 1048576K
}
Event: 545.633 GC heap after
{Heap after GC invocations=515 (full 390):
 PSYoungGen      total 40960K, used 29183K [0x00000000f5580000, 0x00000000f8a80000, 0x0000000100000000)
  eden space 29184K, 99% used [0x00000000f5580000,0x00000000f71ffff0,0x00000000f7200000)
  from space 11776K, 0% used [0x00000000f7200000,0x00000000f7200000,0x00000000f7d80000)
  to   space 9728K, 0% used [0x00000000f8100000,0x00000000f8100000,0x00000000f8a80000)
 ParOldGen       total 349696K, used 349695K [0x00000000e0000000, 0x00000000f5580000, 0x00000000f5580000)
  object space 349696K, 99% used [0x00000000e0000000,0x00000000f557fff0,0x00000000f5580000)
 Metaspace       used 59327K, committed 60416K, reserved 1105920K
  class space    used 5954K, committed 6336K, reserved 1048576K
}

