# JRE version: OpenJDK Runtime Environment GraalVM CE 22.3.0 (17.0.5+8) (build 17.0.5+8-jvmci-22.3-b08)
# Java VM: OpenJDK 64-Bit Server VM GraalVM CE 22.3.0 (17.0.5+8-jvmci-22.3-b08, mixed mode, sharing, tiered, jvmci, jvmci compiler, compressed oops, compressed class ptrs, parallel gc, linux-amd64)
GC Precious Log:
 CPUs: 8 total, 1 available
 Memory: 1024M
 Large Page Support: Disabled
 NUMA Support: Disabled
 Compressed Oops: Enabled (32-bit)
 Alignments: Space 512K, Generation 512K, Heap 2M
 Heap Min Capacity: 100M
 Heap Initial Capacity: 100M
 Heap Max Capacity: 512M
 Pre-touch: Disabled
 Parallel Workers: 1
Heap:
 PSYoungGen      total 48640K, used 21503K [0x00000000f5580000, 0x00000000fa080000, 0x0000000100000000)
  eden space 21504K, 99% used [0x00000000f5580000,0x00000000f6a7fff0,0x00000000f6a80000)
  from space 27136K, 0% used [0x00000000f6a80000,0x00000000f6a80000,0x00000000f8500000)
  to   space 12800K, 0% used [0x00000000f8500000,0x00000000f8500000,0x00000000f9180000)
 ParOldGen       total 349696K, used 349686K [0x00000000e0000000, 0x00000000f5580000, 0x00000000f5580000)
  object space 349696K, 99% used [0x00000000e0000000,0x00000000f557d858,0x00000000f5580000)
 Metaspace       used 61043K, committed 62208K, reserved 1105920K
  class space    used 5979K, committed 6464K, reserved 1048576K
GC Heap History (20 events):
Event: 738.698 GC heap before
{Heap before GC invocations=387 (full 281):
 PSYoungGen      total 48640K, used 21504K [0x00000000f5580000, 0x00000000fa080000, 0x0000000100000000)
  eden space 21504K, 100% used [0x00000000f5580000,0x00000000f6a80000,0x00000000f6a80000)
  from space 27136K, 0% used [0x00000000f6a80000,0x00000000f6a80000,0x00000000f8500000)
  to   space 12800K, 0% used [0x00000000f8500000,0x00000000f8500000,0x00000000f9180000)
 ParOldGen       total 349696K, used 349689K [0x00000000e0000000, 0x00000000f5580000, 0x00000000f5580000)
  object space 349696K, 99% used [0x00000000e0000000,0x00000000f557e7f0,0x00000000f5580000)
 Metaspace       used 61042K, committed 62208K, reserved 1105920K
  class space    used 5979K, committed 6464K, reserved 1048576K
}
Event: 740.536 GC heap after
{Heap after GC invocations=387 (full 281):
 PSYoungGen      total 34304K, used 21503K [0x00000000f5580000, 0x00000000fa080000, 0x0000000100000000)
  eden space 21504K, 99% used [0x00000000f5580000,0x00000000f6a7ffc0,0x00000000f6a80000)
  from space 12800K, 0% used [0x00000000f8500000,0x00000000f8500000,0x00000000f9180000)
  to   space 27136K, 0% used [0x00000000f6a80000,0x00000000f6a80000,0x00000000f8500000)
 ParOldGen       total 349696K, used 349689K [0x00000000e0000000, 0x00000000f5580000, 0x00000000f5580000)
  object space 349696K, 99% used [0x00000000e0000000,0x00000000f557e7f0,0x00000000f5580000)
 Metaspace       used 61042K, committed 62208K, reserved 1105920K
  class space    used 5979K, committed 6464K, reserved 1048576K
}
Event: 740.536 GC heap before
{Heap before GC invocations=388 (full 282):
 PSYoungGen      total 34304K, used 21504K [0x00000000f5580000, 0x00000000fa080000, 0x0000000100000000)
  eden space 21504K, 100% used [0x00000000f5580000,0x00000000f6a80000,0x00000000f6a80000)
  from space 12800K, 0% used [0x00000000f8500000,0x00000000f8500000,0x00000000f9180000)
  to   space 27136K, 0% used [0x00000000f6a80000,0x00000000f6a80000,0x00000000f8500000)
 ParOldGen       total 349696K, used 349689K [0x00000000e0000000, 0x00000000f5580000, 0x00000000f5580000)
  object space 349696K, 99% used [0x00000000e0000000,0x00000000f557e7f0,0x00000000f5580000)
 Metaspace       used 61042K, committed 62208K, reserved 1105920K
  class space    used 5979K, committed 6464K, reserved 1048576K
}
Event: 742.396 GC heap after
{Heap after GC invocations=388 (full 282):
 PSYoungGen      total 48640K, used 21503K [0x00000000f5580000, 0x00000000fa080000, 0x0000000100000000)
  eden space 21504K, 99% used [0x00000000f5580000,0x00000000f6a7ffe0,0x00000000f6a80000)
  from space 27136K, 0% used [0x00000000f6a80000,0x00000000f6a80000,0x00000000f8500000)
  to   space 12800K, 0% used [0x00000000f8500000,0x00000000f8500000,0x00000000f9180000)
 ParOldGen       total 349696K, used 349689K [0x00000000e0000000, 0x00000000f5580000, 0x00000000f5580000)
  object space 349696K, 99% used [0x00000000e0000000,0x00000000f557e7d0,0x00000000f5580000)
 Metaspace       used 61042K, committed 62208K, reserved 1105920K
  class space    used 5979K, committed 6464K, reserved 1048576K
}
Event: 742.397 GC heap before
{Heap before GC invocations=389 (full 283):
 PSYoungGen      total 48640K, used 21504K [0x00000000f5580000, 0x00000000fa080000, 0x0000000100000000)
  eden space 21504K, 100% used [0x00000000f5580000,0x00000000f6a80000,0x00000000f6a80000)
  from space 27136K, 0% used [0x00000000f6a80000,0x00000000f6a80000,0x00000000f8500000)
  to   space 12800K, 0% used [0x00000000f8500000,0x00000000f8500000,0x00000000f9180000)
 ParOldGen       total 349696K, used 349689K [0x00000000e0000000, 0x00000000f5580000, 0x00000000f5580000)
  object space 349696K, 99% used [0x00000000e0000000,0x00000000f557e7d0,0x00000000f5580000)
 Metaspace       used 61042K, committed 62208K, reserved 1105920K
  class space    used 5979K, committed 6464K, reserved 1048576K
}
Event: 744.320 GC heap after
{Heap after GC invocations=389 (full 283):
 PSYoungGen      total 34304K, used 21503K [0x00000000f5580000, 0x00000000fa080000, 0x0000000100000000)
  eden space 21504K, 99% used [0x00000000f5580000,0x00000000f6a7ffe0,0x00000000f6a80000)
  from space 12800K, 0% used [0x00000000f8500000,0x00000000f8500000,0x00000000f9180000)
  to   space 27136K, 0% used [0x00000000f6a80000,0x00000000f6a80000,0x00000000f8500000)
 ParOldGen       total 349696K, used 349689K [0x00000000e0000000, 0x00000000f5580000, 0x00000000f5580000)
  object space 349696K, 99% used [0x00000000e0000000,0x00000000f557e7d0,0x00000000f5580000)
 Metaspace       used 61042K, committed 62208K, reserved 1105920K
  class space    used 5979K, committed 6464K, reserved 1048576K
}
Event: 744.320 GC heap before
{Heap before GC invocations=390 (full 284):
 PSYoungGen      total 34304K, used 21504K [0x00000000f5580000, 0x00000000fa080000, 0x0000000100000000)
  eden space 21504K, 100% used [0x00000000f5580000,0x00000000f6a80000,0x00000000f6a80000)
  from space 12800K, 0% used [0x00000000f8500000,0x00000000f8500000,0x00000000f9180000)
  to   space 27136K, 0% used [0x00000000f6a80000,0x00000000f6a80000,0x00000000f8500000)
 ParOldGen       total 349696K, used 349689K [0x00000000e0000000, 0x00000000f5580000, 0x00000000f5580000)
  object space 349696K, 99% used [0x00000000e0000000,0x00000000f557e7d0,0x00000000f5580000)
 Metaspace       used 61042K, committed 62208K, reserved 1105920K
  class space    used 5979K, committed 6464K, reserved 1048576K
}
Event: 746.311 GC heap after
{Heap after GC invocations=390 (full 284):
 PSYoungGen      total 48640K, used 21503K [0x00000000f5580000, 0x00000000fa080000, 0x0000000100000000)
  eden space 21504K, 99% used [0x00000000f5580000,0x00000000f6a7ffe0,0x00000000f6a80000)
  from space 27136K, 0% used [0x00000000f6a80000,0x00000000f6a80000,0x00000000f8500000)
  to   space 12800K, 0% used [0x00000000f8500000,0x00000000f8500000,0x00000000f9180000)
 ParOldGen       total 349696K, used 349689K [0x00000000e0000000, 0x00000000f5580000, 0x00000000f5580000)
  object space 349696K, 99% used [0x00000000e0000000,0x00000000f557e7d0,0x00000000f5580000)
 Metaspace       used 61042K, committed 62208K, reserved 1105920K
  class space    used 5979K, committed 6464K, reserved 1048576K
}
Event: 746.311 GC heap before
{Heap before GC invocations=391 (full 285):
 PSYoungGen      total 48640K, used 21504K [0x00000000f5580000, 0x00000000fa080000, 0x0000000100000000)
  eden space 21504K, 100% used [0x00000000f5580000,0x00000000f6a80000,0x00000000f6a80000)
  from space 27136K, 0% used [0x00000000f6a80000,0x00000000f6a80000,0x00000000f8500000)
  to   space 12800K, 0% used [0x00000000f8500000,0x00000000f8500000,0x00000000f9180000)
 ParOldGen       total 349696K, used 349689K [0x00000000e0000000, 0x00000000f5580000, 0x00000000f5580000)
  object space 349696K, 99% used [0x00000000e0000000,0x00000000f557e7d0,0x00000000f5580000)
 Metaspace       used 61042K, committed 62208K, reserved 1105920K
  class space    used 5979K, committed 6464K, reserved 1048576K
}
Event: 748.160 GC heap after
{Heap after GC invocations=391 (full 285):
 PSYoungGen      total 34304K, used 21503K [0x00000000f5580000, 0x00000000fa080000, 0x0000000100000000)
  eden space 21504K, 99% used [0x00000000f5580000,0x00000000f6a7ffe0,0x00000000f6a80000)
  from space 12800K, 0% used [0x00000000f8500000,0x00000000f8500000,0x00000000f9180000)
  to   space 27136K, 0% used [0x00000000f6a80000,0x00000000f6a80000,0x00000000f8500000)
 ParOldGen       total 349696K, used 349689K [0x00000000e0000000, 0x00000000f5580000, 0x00000000f5580000)
  object space 349696K, 99% used [0x00000000e0000000,0x00000000f557e7d0,0x00000000f5580000)
 Metaspace       used 61042K, committed 62208K, reserved 1105920K
  class space    used 5979K, committed 6464K, reserved 1048576K
}
Event: 748.160 GC heap before
{Heap before GC invocations=392 (full 286):
 PSYoungGen      total 34304K, used 21504K [0x00000000f5580000, 0x00000000fa080000, 0x0000000100000000)
  eden space 21504K, 100% used [0x00000000f5580000,0x00000000f6a80000,0x00000000f6a80000)
  from space 12800K, 0% used [0x00000000f8500000,0x00000000f8500000,0x00000000f9180000)
  to   space 27136K, 0% used [0x00000000f6a80000,0x00000000f6a80000,0x00000000f8500000)
 ParOldGen       total 349696K, used 349689K [0x00000000e0000000, 0x00000000f5580000, 0x00000000f5580000)
  object space 349696K, 99% used [0x00000000e0000000,0x00000000f557e7d0,0x00000000f5580000)
 Metaspace       used 61042K, committed 62208K, reserved 1105920K
  class space    used 5979K, committed 6464K, reserved 1048576K
}
Event: 750.026 GC heap after
{Heap after GC invocations=392 (full 286):
 PSYoungGen      total 48640K, used 21503K [0x00000000f5580000, 0x00000000fa080000, 0x0000000100000000)
  eden space 21504K, 99% used [0x00000000f5580000,0x00000000f6a7ffe0,0x00000000f6a80000)
  from space 27136K, 0% used [0x00000000f6a80000,0x00000000f6a80000,0x00000000f8500000)
  to   space 12800K, 0% used [0x00000000f8500000,0x00000000f8500000,0x00000000f9180000)
 ParOldGen       total 349696K, used 349689K [0x00000000e0000000, 0x00000000f5580000, 0x00000000f5580000)
  object space 349696K, 99% used [0x00000000e0000000,0x00000000f557e7d0,0x00000000f5580000)
 Metaspace       used 61042K, committed 62208K, reserved 1105920K
  class space    used 5979K, committed 6464K, reserved 1048576K
}
Event: 750.028 GC heap before
{Heap before GC invocations=393 (full 287):
 PSYoungGen      total 48640K, used 21503K [0x00000000f5580000, 0x00000000fa080000, 0x0000000100000000)
  eden space 21504K, 99% used [0x00000000f5580000,0x00000000f6a7fff8,0x00000000f6a80000)
  from space 27136K, 0% used [0x00000000f6a80000,0x00000000f6a80000,0x00000000f8500000)
  to   space 12800K, 0% used [0x00000000f8500000,0x00000000f8500000,0x00000000f9180000)
 ParOldGen       total 349696K, used 349694K [0x00000000e0000000, 0x00000000f5580000, 0x00000000f5580000)
  object space 349696K, 99% used [0x00000000e0000000,0x00000000f557faa8,0x00000000f5580000)
 Metaspace       used 61043K, committed 62208K, reserved 1105920K
  class space    used 5979K, committed 6464K, reserved 1048576K
}
Event: 752.050 GC heap after
{Heap after GC invocations=393 (full 287):
 PSYoungGen      total 34304K, used 21503K [0x00000000f5580000, 0x00000000fa080000, 0x0000000100000000)
  eden space 21504K, 99% used [0x00000000f5580000,0x00000000f6a7ffc0,0x00000000f6a80000)
  from space 12800K, 0% used [0x00000000f8500000,0x00000000f8500000,0x00000000f9180000)
  to   space 27136K, 0% used [0x00000000f6a80000,0x00000000f6a80000,0x00000000f8500000)
 ParOldGen       total 349696K, used 349692K [0x00000000e0000000, 0x00000000f5580000, 0x00000000f5580000)
  object space 349696K, 99% used [0x00000000e0000000,0x00000000f557f0f8,0x00000000f5580000)
 Metaspace       used 61043K, committed 62208K, reserved 1105920K
  class space    used 5979K, committed 6464K, reserved 1048576K
}
Event: 752.052 GC heap before
{Heap before GC invocations=394 (full 288):
 PSYoungGen      total 34304K, used 21503K [0x00000000f5580000, 0x00000000fa080000, 0x0000000100000000)
  eden space 21504K, 99% used [0x00000000f5580000,0x00000000f6a7fff0,0x00000000f6a80000)
  from space 12800K, 0% used [0x00000000f8500000,0x00000000f8500000,0x00000000f9180000)
  to   space 27136K, 0% used [0x00000000f6a80000,0x00000000f6a80000,0x00000000f8500000)
 ParOldGen       total 349696K, used 349694K [0x00000000e0000000, 0x00000000f5580000, 0x00000000f5580000)
  object space 349696K, 99% used [0x00000000e0000000,0x00000000f557f9d8,0x00000000f5580000)
 Metaspace       used 61043K, committed 62208K, reserved 1105920K
  class space    used 5979K, committed 6464K, reserved 1048576K
}
Event: 753.929 GC heap after
{Heap after GC invocations=394 (full 288):
 PSYoungGen      total 48640K, used 21503K [0x00000000f5580000, 0x00000000fa080000, 0x0000000100000000)
  eden space 21504K, 99% used [0x00000000f5580000,0x00000000f6a7ffa0,0x00000000f6a80000)
  from space 27136K, 0% used [0x00000000f6a80000,0x00000000f6a80000,0x00000000f8500000)
  to   space 12800K, 0% used [0x00000000f8500000,0x00000000f8500000,0x00000000f9180000)
 ParOldGen       total 349696K, used 349694K [0x00000000e0000000, 0x00000000f5580000, 0x00000000f5580000)
  object space 349696K, 99% used [0x00000000e0000000,0x00000000f557f9d8,0x00000000f5580000)
 Metaspace       used 61043K, committed 62208K, reserved 1105920K
  class space    used 5979K, committed 6464K, reserved 1048576K
}
Event: 753.929 GC heap before
{Heap before GC invocations=395 (full 289):
 PSYoungGen      total 48640K, used 21503K [0x00000000f5580000, 0x00000000fa080000, 0x0000000100000000)
  eden space 21504K, 99% used [0x00000000f5580000,0x00000000f6a7ffa0,0x00000000f6a80000)
  from space 27136K, 0% used [0x00000000f6a80000,0x00000000f6a80000,0x00000000f8500000)
  to   space 12800K, 0% used [0x00000000f8500000,0x00000000f8500000,0x00000000f9180000)
 ParOldGen       total 349696K, used 349694K [0x00000000e0000000, 0x00000000f5580000, 0x00000000f5580000)
  object space 349696K, 99% used [0x00000000e0000000,0x00000000f557f9d8,0x00000000f5580000)
 Metaspace       used 61043K, committed 62208K, reserved 1105920K
  class space    used 5979K, committed 6464K, reserved 1048576K
}
Event: 755.841 GC heap after
{Heap after GC invocations=395 (full 289):
 PSYoungGen      total 34304K, used 21503K [0x00000000f5580000, 0x00000000fa080000, 0x0000000100000000)
  eden space 21504K, 99% used [0x00000000f5580000,0x00000000f6a7ff88,0x00000000f6a80000)
  from space 12800K, 0% used [0x00000000f8500000,0x00000000f8500000,0x00000000f9180000)
  to   space 27136K, 0% used [0x00000000f6a80000,0x00000000f6a80000,0x00000000f8500000)
 ParOldGen       total 349696K, used 349694K [0x00000000e0000000, 0x00000000f5580000, 0x00000000f5580000)
  object space 349696K, 99% used [0x00000000e0000000,0x00000000f557f838,0x00000000f5580000)
 Metaspace       used 61043K, committed 62208K, reserved 1105920K
  class space    used 5979K, committed 6464K, reserved 1048576K
}
Event: 755.841 GC heap before
{Heap before GC invocations=396 (full 290):
 PSYoungGen      total 34304K, used 21503K [0x00000000f5580000, 0x00000000fa080000, 0x0000000100000000)
  eden space 21504K, 99% used [0x00000000f5580000,0x00000000f6a7fff8,0x00000000f6a80000)
  from space 12800K, 0% used [0x00000000f8500000,0x00000000f8500000,0x00000000f9180000)
  to   space 27136K, 0% used [0x00000000f6a80000,0x00000000f6a80000,0x00000000f8500000)
 ParOldGen       total 349696K, used 349694K [0x00000000e0000000, 0x00000000f5580000, 0x00000000f5580000)
  object space 349696K, 99% used [0x00000000e0000000,0x00000000f557f9b0,0x00000000f5580000)
 Metaspace       used 61043K, committed 62208K, reserved 1105920K
  class space    used 5979K, committed 6464K, reserved 1048576K
}
Event: 757.896 GC heap after
{Heap after GC invocations=396 (full 290):
 PSYoungGen      total 48640K, used 21503K [0x00000000f5580000, 0x00000000fa080000, 0x0000000100000000)
  eden space 21504K, 99% used [0x00000000f5580000,0x00000000f6a7ff88,0x00000000f6a80000)
  from space 27136K, 0% used [0x00000000f6a80000,0x00000000f6a80000,0x00000000f8500000)
  to   space 12800K, 0% used [0x00000000f8500000,0x00000000f8500000,0x00000000f9180000)
 ParOldGen       total 349696K, used 349686K [0x00000000e0000000, 0x00000000f5580000, 0x00000000f5580000)
  object space 349696K, 99% used [0x00000000e0000000,0x00000000f557d858,0x00000000f5580000)
 Metaspace       used 61043K, committed 62208K, reserved 1105920K
  class space    used 5979K, committed 6464K, reserved 1048576K
}

